<?xml version="1.0" encoding="UTF-8"?>
<coverage generated="1774808006674" clover="3.2.0">
  <project timestamp="1774808006674" name="All files">
    <metrics statements="292" coveredstatements="154" conditionals="275" coveredconditionals="119" methods="61" coveredmethods="30" elements="628" coveredelements="303" complexity="0" loc="292" ncloc="292" packages="2" files="42" classes="42"/>
    <package name="src">
      <metrics statements="96" coveredstatements="70" conditionals="112" coveredconditionals="59" methods="20" coveredmethods="17"/>
      <file name="clamp.js" path="C:\Users\tomis\Koulu 26-\Ohjelmistojen Ylläpito ja testaus\Deployement\AT00BY10\src\clamp.js">
        <metrics statements="9" coveredstatements="9" conditionals="10" coveredconditionals="7" methods="1" coveredmethods="1"/>
        <line num="19" count="4" type="stmt"/>
        <line num="20" count="4" type="stmt"/>
        <line num="21" count="4" type="stmt"/>
        <line num="22" count="4" type="cond" truecount="1" falsecount="1"/>
        <line num="23" count="4" type="cond" truecount="1" falsecount="1"/>
        <line num="24" count="4" type="cond" truecount="2" falsecount="0"/>
        <line num="25" count="3" type="cond" truecount="2" falsecount="0"/>
        <line num="26" count="3" type="cond" truecount="1" falsecount="1"/>
        <line num="28" count="4" type="stmt"/>
      </file>
      <file name="compact.js" path="C:\Users\tomis\Koulu 26-\Ohjelmistojen Ylläpito ja testaus\Deployement\AT00BY10\src\compact.js">
        <metrics statements="6" coveredstatements="6" conditionals="2" coveredconditionals="2" methods="1" coveredmethods="1"/>
        <line num="15" count="3" type="stmt"/>
        <line num="16" count="3" type="stmt"/>
        <line num="18" count="3" type="stmt"/>
        <line num="19" count="9" type="cond" truecount="2" falsecount="0"/>
        <line num="20" count="3" type="stmt"/>
        <line num="23" count="3" type="stmt"/>
      </file>
      <file name="difference.js" path="C:\Users\tomis\Koulu 26-\Ohjelmistojen Ylläpito ja testaus\Deployement\AT00BY10\src\difference.js">
        <metrics statements="1" coveredstatements="1" conditionals="2" coveredconditionals="2" methods="1" coveredmethods="1"/>
        <line num="25" count="3" type="cond" truecount="2" falsecount="0"/>
      </file>
      <file name="divide.js" path="C:\Users\tomis\Koulu 26-\Ohjelmistojen Ylläpito ja testaus\Deployement\AT00BY10\src\divide.js">
        <metrics statements="1" coveredstatements="1" conditionals="0" coveredconditionals="0" methods="1" coveredmethods="1"/>
        <line num="16" count="3" type="stmt"/>
      </file>
      <file name="drop.js" path="C:\Users\tomis\Koulu 26-\Ohjelmistojen Ylläpito ja testaus\Deployement\AT00BY10\src\drop.js">
        <metrics statements="2" coveredstatements="2" conditionals="7" coveredconditionals="6" methods="1" coveredmethods="1"/>
        <line num="27" count="5" type="cond" truecount="2" falsecount="0"/>
        <line num="28" count="5" type="cond" truecount="2" falsecount="0"/>
      </file>
      <file name="get.js" path="C:\Users\tomis\Koulu 26-\Ohjelmistojen Ylläpito ja testaus\Deployement\AT00BY10\src\get.js">
        <metrics statements="2" coveredstatements="2" conditionals="4" coveredconditionals="4" methods="1" coveredmethods="1"/>
        <line num="28" count="4" type="cond" truecount="2" falsecount="0"/>
        <line num="29" count="4" type="cond" truecount="2" falsecount="0"/>
      </file>
      <file name="isArguments.js" path="C:\Users\tomis\Koulu 26-\Ohjelmistojen Ylläpito ja testaus\Deployement\AT00BY10\src\isArguments.js">
        <metrics statements="1" coveredstatements="0" conditionals="2" coveredconditionals="0" methods="1" coveredmethods="0"/>
        <line num="20" count="0" type="cond" truecount="0" falsecount="2"/>
      </file>
      <file name="isArrayLike.js" path="C:\Users\tomis\Koulu 26-\Ohjelmistojen Ylläpito ja testaus\Deployement\AT00BY10\src\isArrayLike.js">
        <metrics statements="1" coveredstatements="1" conditionals="3" coveredconditionals="3" methods="1" coveredmethods="1"/>
        <line num="27" count="4" type="cond" truecount="3" falsecount="0"/>
      </file>
      <file name="isArrayLikeObject.js" path="C:\Users\tomis\Koulu 26-\Ohjelmistojen Ylläpito ja testaus\Deployement\AT00BY10\src\isArrayLikeObject.js">
        <metrics statements="1" coveredstatements="1" conditionals="2" coveredconditionals="2" methods="1" coveredmethods="1"/>
        <line num="28" count="5" type="cond" truecount="2" falsecount="0"/>
      </file>
      <file name="isLength.js" path="C:\Users\tomis\Koulu 26-\Ohjelmistojen Ylläpito ja testaus\Deployement\AT00BY10\src\isLength.js">
        <metrics statements="2" coveredstatements="2" conditionals="4" coveredconditionals="4" methods="1" coveredmethods="1"/>
        <line num="2" count="1" type="stmt"/>
        <line num="29" count="4" type="cond" truecount="4" falsecount="0"/>
      </file>
      <file name="isObject.js" path="C:\Users\tomis\Koulu 26-\Ohjelmistojen Ylläpito ja testaus\Deployement\AT00BY10\src\isObject.js">
        <metrics statements="2" coveredstatements="0" conditionals="3" coveredconditionals="0" methods="1" coveredmethods="0"/>
        <line num="25" count="0" type="stmt"/>
        <line num="26" count="0" type="cond" truecount="0" falsecount="3"/>
      </file>
      <file name="isObjectLike.js" path="C:\Users\tomis\Koulu 26-\Ohjelmistojen Ylläpito ja testaus\Deployement\AT00BY10\src\isObjectLike.js">
        <metrics statements="1" coveredstatements="1" conditionals="2" coveredconditionals="2" methods="1" coveredmethods="1"/>
        <line num="24" count="5" type="cond" truecount="2" falsecount="0"/>
      </file>
      <file name="isSymbol.js" path="C:\Users\tomis\Koulu 26-\Ohjelmistojen Ylläpito ja testaus\Deployement\AT00BY10\src\isSymbol.js">
        <metrics statements="2" coveredstatements="2" conditionals="4" coveredconditionals="2" methods="1" coveredmethods="1"/>
        <line num="19" count="2" type="stmt"/>
        <line num="20" count="2" type="cond" truecount="2" falsecount="2"/>
      </file>
      <file name="map.js" path="C:\Users\tomis\Koulu 26-\Ohjelmistojen Ylläpito ja testaus\Deployement\AT00BY10\src\map.js">
        <metrics statements="6" coveredstatements="0" conditionals="2" coveredconditionals="0" methods="1" coveredmethods="0"/>
        <line num="20" count="0" type="stmt"/>
        <line num="21" count="0" type="cond" truecount="0" falsecount="2"/>
        <line num="22" count="0" type="stmt"/>
        <line num="24" count="0" type="stmt"/>
        <line num="25" count="0" type="stmt"/>
        <line num="27" count="0" type="stmt"/>
      </file>
      <file name="memoize.js" path="C:\Users\tomis\Koulu 26-\Ohjelmistojen Ylläpito ja testaus\Deployement\AT00BY10\src\memoize.js">
        <metrics statements="13" coveredstatements="11" conditionals="13" coveredconditionals="8" methods="2" coveredmethods="2"/>
        <line num="44" count="1" type="cond" truecount="4" falsecount="1"/>
        <line num="45" count="0" type="stmt"/>
        <line num="47" count="1" type="stmt"/>
        <line num="48" count="2" type="cond" truecount="1" falsecount="1"/>
        <line num="49" count="2" type="stmt"/>
        <line num="51" count="2" type="cond" truecount="1" falsecount="1"/>
        <line num="52" count="0" type="stmt"/>
        <line num="54" count="2" type="stmt"/>
        <line num="55" count="2" type="cond" truecount="1" falsecount="1"/>
        <line num="56" count="2" type="stmt"/>
        <line num="58" count="1" type="cond" truecount="1" falsecount="1"/>
        <line num="59" count="1" type="stmt"/>
        <line num="62" count="1" type="stmt"/>
      </file>
      <file name="slice.js" path="C:\Users\tomis\Koulu 26-\Ohjelmistojen Ylläpito ja testaus\Deployement\AT00BY10\src\slice.js">
        <metrics statements="16" coveredstatements="13" conditionals="16" coveredconditionals="8" methods="1" coveredmethods="1"/>
        <line num="22" count="4" type="cond" truecount="1" falsecount="1"/>
        <line num="23" count="4" type="cond" truecount="1" falsecount="1"/>
        <line num="24" count="0" type="stmt"/>
        <line num="26" count="4" type="cond" truecount="1" falsecount="1"/>
        <line num="27" count="4" type="cond" truecount="1" falsecount="1"/>
        <line num="29" count="4" type="cond" truecount="1" falsecount="1"/>
        <line num="30" count="0" type="cond" truecount="0" falsecount="2"/>
        <line num="32" count="4" type="cond" truecount="1" falsecount="1"/>
        <line num="33" count="0" type="stmt"/>
        <line num="35" count="4" type="cond" truecount="2" falsecount="0"/>
        <line num="36" count="4" type="stmt"/>
        <line num="38" count="4" type="stmt"/>
        <line num="39" count="4" type="stmt"/>
        <line num="40" count="4" type="stmt"/>
        <line num="41" count="6" type="stmt"/>
        <line num="43" count="4" type="stmt"/>
      </file>
      <file name="toFinite.js" path="C:\Users\tomis\Koulu 26-\Ohjelmistojen Ylläpito ja testaus\Deployement\AT00BY10\src\toFinite.js">
        <metrics statements="9" coveredstatements="7" conditionals="12" coveredconditionals="7" methods="1" coveredmethods="1"/>
        <line num="4" count="1" type="stmt"/>
        <line num="5" count="1" type="stmt"/>
        <line num="29" count="4" type="cond" truecount="2" falsecount="0"/>
        <line num="30" count="1" type="cond" truecount="1" falsecount="1"/>
        <line num="32" count="3" type="stmt"/>
        <line num="33" count="3" type="cond" truecount="3" falsecount="1"/>
        <line num="34" count="0" type="cond" truecount="0" falsecount="2"/>
        <line num="35" count="0" type="stmt"/>
        <line num="37" count="3" type="cond" truecount="1" falsecount="1"/>
      </file>
      <file name="toInteger.js" path="C:\Users\tomis\Koulu 26-\Ohjelmistojen Ylläpito ja testaus\Deployement\AT00BY10\src\toInteger.js">
        <metrics statements="3" coveredstatements="3" conditionals="2" coveredconditionals="1" methods="1" coveredmethods="1"/>
        <line num="29" count="4" type="stmt"/>
        <line num="30" count="4" type="stmt"/>
        <line num="32" count="4" type="cond" truecount="1" falsecount="1"/>
      </file>
      <file name="toNumber.js" path="C:\Users\tomis\Koulu 26-\Ohjelmistojen Ylläpito ja testaus\Deployement\AT00BY10\src\toNumber.js">
        <metrics statements="18" coveredstatements="8" conditionals="22" coveredconditionals="1" methods="1" coveredmethods="1"/>
        <line num="5" count="1" type="stmt"/>
        <line num="8" count="1" type="stmt"/>
        <line num="11" count="1" type="stmt"/>
        <line num="14" count="1" type="stmt"/>
        <line num="17" count="1" type="stmt"/>
        <line num="20" count="1" type="stmt"/>
        <line num="45" count="3" type="cond" truecount="1" falsecount="1"/>
        <line num="46" count="3" type="stmt"/>
        <line num="48" count="0" type="cond" truecount="0" falsecount="2"/>
        <line num="49" count="0" type="stmt"/>
        <line num="51" count="0" type="cond" truecount="0" falsecount="2"/>
        <line num="52" count="0" type="cond" truecount="0" falsecount="2"/>
        <line num="53" count="0" type="cond" truecount="0" falsecount="2"/>
        <line num="55" count="0" type="cond" truecount="0" falsecount="2"/>
        <line num="56" count="0" type="cond" truecount="0" falsecount="2"/>
        <line num="58" count="0" type="stmt"/>
        <line num="59" count="0" type="stmt"/>
        <line num="60" count="0" type="cond" truecount="0" falsecount="4"/>
      </file>
    </package>
    <package name="src..internal">
      <metrics statements="196" coveredstatements="84" conditionals="163" coveredconditionals="60" methods="41" coveredmethods="13"/>
      <file name="Hash.js" path="C:\Users\tomis\Koulu 26-\Ohjelmistojen Ylläpito ja testaus\Deployement\AT00BY10\src\.internal\Hash.js">
        <metrics statements="21" coveredstatements="1" conditionals="12" coveredconditionals="0" methods="6" coveredmethods="0"/>
        <line num="2" count="1" type="stmt"/>
        <line num="14" count="0" type="stmt"/>
        <line num="15" count="0" type="cond" truecount="0" falsecount="2"/>
        <line num="17" count="0" type="stmt"/>
        <line num="18" count="0" type="stmt"/>
        <line num="19" count="0" type="stmt"/>
        <line num="20" count="0" type="stmt"/>
        <line num="30" count="0" type="stmt"/>
        <line num="31" count="0" type="stmt"/>
        <line num="42" count="0" type="cond" truecount="0" falsecount="2"/>
        <line num="43" count="0" type="cond" truecount="0" falsecount="2"/>
        <line num="44" count="0" type="stmt"/>
        <line num="55" count="0" type="stmt"/>
        <line num="56" count="0" type="stmt"/>
        <line num="57" count="0" type="cond" truecount="0" falsecount="2"/>
        <line num="68" count="0" type="stmt"/>
        <line num="69" count="0" type="stmt"/>
        <line num="81" count="0" type="stmt"/>
        <line num="82" count="0" type="cond" truecount="0" falsecount="2"/>
        <line num="83" count="0" type="cond" truecount="0" falsecount="2"/>
        <line num="84" count="0" type="stmt"/>
      </file>
      <file name="MapCache.js" path="C:\Users\tomis\Koulu 26-\Ohjelmistojen Ylläpito ja testaus\Deployement\AT00BY10\src\.internal\MapCache.js">
        <metrics statements="22" coveredstatements="0" conditionals="16" coveredconditionals="0" methods="8" coveredmethods="0"/>
        <line num="13" count="0" type="stmt"/>
        <line num="14" count="0" type="cond" truecount="0" falsecount="2"/>
        <line num="27" count="0" type="stmt"/>
        <line num="28" count="0" type="cond" truecount="0" falsecount="6"/>
        <line num="43" count="0" type="stmt"/>
        <line num="44" count="0" type="cond" truecount="0" falsecount="2"/>
        <line num="46" count="0" type="stmt"/>
        <line num="47" count="0" type="stmt"/>
        <line num="48" count="0" type="stmt"/>
        <line num="49" count="0" type="stmt"/>
        <line num="59" count="0" type="stmt"/>
        <line num="60" count="0" type="stmt"/>
        <line num="75" count="0" type="stmt"/>
        <line num="76" count="0" type="cond" truecount="0" falsecount="2"/>
        <line num="77" count="0" type="stmt"/>
        <line num="88" count="0" type="stmt"/>
        <line num="99" count="0" type="stmt"/>
        <line num="111" count="0" type="stmt"/>
        <line num="112" count="0" type="stmt"/>
        <line num="114" count="0" type="stmt"/>
        <line num="115" count="0" type="cond" truecount="0" falsecount="2"/>
        <line num="116" count="0" type="stmt"/>
      </file>
      <file name="SetCache.js" path="C:\Users\tomis\Koulu 26-\Ohjelmistojen Ylläpito ja testaus\Deployement\AT00BY10\src\.internal\SetCache.js">
        <metrics statements="10" coveredstatements="2" conditionals="2" coveredconditionals="0" methods="3" coveredmethods="0"/>
        <line num="4" count="1" type="stmt"/>
        <line num="16" count="0" type="stmt"/>
        <line num="17" count="0" type="cond" truecount="0" falsecount="2"/>
        <line num="19" count="0" type="stmt"/>
        <line num="20" count="0" type="stmt"/>
        <line num="21" count="0" type="stmt"/>
        <line num="34" count="0" type="stmt"/>
        <line num="35" count="0" type="stmt"/>
        <line num="46" count="0" type="stmt"/>
        <line num="50" count="1" type="stmt"/>
      </file>
      <file name="arrayIncludes.js" path="C:\Users\tomis\Koulu 26-\Ohjelmistojen Ylläpito ja testaus\Deployement\AT00BY10\src\.internal\arrayIncludes.js">
        <metrics statements="2" coveredstatements="0" conditionals="4" coveredconditionals="0" methods="1" coveredmethods="0"/>
        <line num="13" count="0" type="cond" truecount="0" falsecount="2"/>
        <line num="14" count="0" type="cond" truecount="0" falsecount="2"/>
      </file>
      <file name="arrayIncludesWith.js" path="C:\Users\tomis\Koulu 26-\Ohjelmistojen Ylläpito ja testaus\Deployement\AT00BY10\src\.internal\arrayIncludesWith.js">
        <metrics statements="6" coveredstatements="0" conditionals="4" coveredconditionals="0" methods="1" coveredmethods="0"/>
        <line num="11" count="0" type="cond" truecount="0" falsecount="2"/>
        <line num="12" count="0" type="stmt"/>
        <line num="15" count="0" type="stmt"/>
        <line num="16" count="0" type="cond" truecount="0" falsecount="2"/>
        <line num="17" count="0" type="stmt"/>
        <line num="20" count="0" type="stmt"/>
      </file>
      <file name="baseDifference.js" path="C:\Users\tomis\Koulu 26-\Ohjelmistojen Ylläpito ja testaus\Deployement\AT00BY10\src\.internal\baseDifference.js">
        <metrics statements="29" coveredstatements="21" conditionals="22" coveredconditionals="14" methods="2" coveredmethods="1"/>
        <line num="8" count="1" type="stmt"/>
        <line num="22" count="2" type="stmt"/>
        <line num="23" count="2" type="stmt"/>
        <line num="24" count="2" type="stmt"/>
        <line num="25" count="2" type="stmt"/>
        <line num="27" count="2" type="cond" truecount="2" falsecount="0"/>
        <line num="28" count="1" type="stmt"/>
        <line num="30" count="1" type="cond" truecount="1" falsecount="1"/>
        <line num="31" count="0" type="stmt"/>
        <line num="33" count="1" type="cond" truecount="1" falsecount="1"/>
        <line num="34" count="0" type="stmt"/>
        <line num="35" count="0" type="stmt"/>
        <line num="37" count="1" type="cond" truecount="1" falsecount="1"/>
        <line num="38" count="0" type="stmt"/>
        <line num="39" count="0" type="stmt"/>
        <line num="40" count="0" type="stmt"/>
        <line num="42" count="1" type="stmt"/>
        <line num="43" count="1" type="stmt"/>
        <line num="44" count="2" type="cond" truecount="1" falsecount="1"/>
        <line num="46" count="2" type="cond" truecount="3" falsecount="1"/>
        <line num="47" count="2" type="cond" truecount="3" falsecount="1"/>
        <line num="48" count="2" type="stmt"/>
        <line num="49" count="2" type="stmt"/>
        <line num="50" count="4" type="cond" truecount="2" falsecount="0"/>
        <line num="51" count="1" type="stmt"/>
        <line num="54" count="1" type="stmt"/>
        <line num="56" count="0" type="cond" truecount="0" falsecount="2"/>
        <line num="57" count="0" type="stmt"/>
        <line num="60" count="1" type="stmt"/>
      </file>
      <file name="baseFindIndex.js" path="C:\Users\tomis\Koulu 26-\Ohjelmistojen Ylläpito ja testaus\Deployement\AT00BY10\src\.internal\baseFindIndex.js">
        <metrics statements="6" coveredstatements="0" conditionals="6" coveredconditionals="0" methods="1" coveredmethods="0"/>
        <line num="12" count="0" type="stmt"/>
        <line num="13" count="0" type="cond" truecount="0" falsecount="2"/>
        <line num="15" count="0" type="cond" truecount="0" falsecount="2"/>
        <line num="16" count="0" type="cond" truecount="0" falsecount="2"/>
        <line num="17" count="0" type="stmt"/>
        <line num="20" count="0" type="stmt"/>
      </file>
      <file name="baseFlatten.js" path="C:\Users\tomis\Koulu 26-\Ohjelmistojen Ylläpito ja testaus\Deployement\AT00BY10\src\.internal\baseFlatten.js">
        <metrics statements="12" coveredstatements="8" conditionals="14" coveredconditionals="8" methods="1" coveredmethods="1"/>
        <line num="15" count="2" type="cond" truecount="1" falsecount="1"/>
        <line num="16" count="2" type="cond" truecount="2" falsecount="0"/>
        <line num="18" count="2" type="cond" truecount="1" falsecount="1"/>
        <line num="19" count="0" type="stmt"/>
        <line num="22" count="2" type="stmt"/>
        <line num="23" count="2" type="cond" truecount="3" falsecount="1"/>
        <line num="24" count="2" type="cond" truecount="1" falsecount="1"/>
        <line num="26" count="0" type="stmt"/>
        <line num="28" count="2" type="stmt"/>
        <line num="30" count="0" type="cond" truecount="0" falsecount="2"/>
        <line num="31" count="0" type="stmt"/>
        <line num="34" count="2" type="stmt"/>
      </file>
      <file name="baseGet.js" path="C:\Users\tomis\Koulu 26-\Ohjelmistojen Ylläpito ja testaus\Deployement\AT00BY10\src\.internal\baseGet.js">
        <metrics statements="6" coveredstatements="6" conditionals="6" coveredconditionals="6" methods="1" coveredmethods="1"/>
        <line num="13" count="3" type="stmt"/>
        <line num="15" count="3" type="stmt"/>
        <line num="16" count="3" type="stmt"/>
        <line num="18" count="3" type="cond" truecount="2" falsecount="0"/>
        <line num="19" count="10" type="stmt"/>
        <line num="21" count="3" type="cond" truecount="4" falsecount="0"/>
      </file>
      <file name="baseIndexOf.js" path="C:\Users\tomis\Koulu 26-\Ohjelmistojen Ylläpito ja testaus\Deployement\AT00BY10\src\.internal\baseIndexOf.js">
        <metrics statements="1" coveredstatements="0" conditionals="2" coveredconditionals="0" methods="1" coveredmethods="0"/>
        <line num="15" count="0" type="cond" truecount="0" falsecount="2"/>
      </file>
      <file name="baseIsNaN.js" path="C:\Users\tomis\Koulu 26-\Ohjelmistojen Ylläpito ja testaus\Deployement\AT00BY10\src\.internal\baseIsNaN.js">
        <metrics statements="1" coveredstatements="0" conditionals="0" coveredconditionals="0" methods="1" coveredmethods="0"/>
        <line num="9" count="0" type="stmt"/>
      </file>
      <file name="baseToNumber.js" path="C:\Users\tomis\Koulu 26-\Ohjelmistojen Ylläpito ja testaus\Deployement\AT00BY10\src\.internal\baseToNumber.js">
        <metrics statements="6" coveredstatements="3" conditionals="4" coveredconditionals="1" methods="1" coveredmethods="1"/>
        <line num="4" count="1" type="stmt"/>
        <line num="15" count="6" type="cond" truecount="1" falsecount="1"/>
        <line num="16" count="6" type="stmt"/>
        <line num="18" count="0" type="cond" truecount="0" falsecount="2"/>
        <line num="19" count="0" type="stmt"/>
        <line num="21" count="0" type="stmt"/>
      </file>
      <file name="baseToString.js" path="C:\Users\tomis\Koulu 26-\Ohjelmistojen Ylläpito ja testaus\Deployement\AT00BY10\src\.internal\baseToString.js">
        <metrics statements="10" coveredstatements="2" conditionals="12" coveredconditionals="0" methods="1" coveredmethods="0"/>
        <line num="4" count="1" type="stmt"/>
        <line num="7" count="1" type="stmt"/>
        <line num="19" count="0" type="cond" truecount="0" falsecount="2"/>
        <line num="20" count="0" type="stmt"/>
        <line num="22" count="0" type="cond" truecount="0" falsecount="2"/>
        <line num="24" count="0" type="stmt"/>
        <line num="26" count="0" type="cond" truecount="0" falsecount="2"/>
        <line num="27" count="0" type="cond" truecount="0" falsecount="2"/>
        <line num="29" count="0" type="stmt"/>
        <line num="30" count="0" type="cond" truecount="0" falsecount="4"/>
      </file>
      <file name="cacheHas.js" path="C:\Users\tomis\Koulu 26-\Ohjelmistojen Ylläpito ja testaus\Deployement\AT00BY10\src\.internal\cacheHas.js">
        <metrics statements="1" coveredstatements="0" conditionals="0" coveredconditionals="0" methods="1" coveredmethods="0"/>
        <line num="10" count="0" type="stmt"/>
      </file>
      <file name="castPath.js" path="C:\Users\tomis\Koulu 26-\Ohjelmistojen Ylläpito ja testaus\Deployement\AT00BY10\src\.internal\castPath.js">
        <metrics statements="3" coveredstatements="3" conditionals="4" coveredconditionals="3" methods="1" coveredmethods="1"/>
        <line num="13" count="3" type="cond" truecount="2" falsecount="0"/>
        <line num="14" count="1" type="stmt"/>
        <line num="16" count="2" type="cond" truecount="1" falsecount="1"/>
      </file>
      <file name="createMathOperation.js" path="C:\Users\tomis\Koulu 26-\Ohjelmistojen Ylläpito ja testaus\Deployement\AT00BY10\src\.internal\createMathOperation.js">
        <metrics statements="13" coveredstatements="8" conditionals="16" coveredconditionals="11" methods="2" coveredmethods="2"/>
        <line num="13" count="1" type="stmt"/>
        <line num="14" count="3" type="cond" truecount="2" falsecount="2"/>
        <line num="15" count="0" type="stmt"/>
        <line num="17" count="3" type="cond" truecount="3" falsecount="1"/>
        <line num="18" count="0" type="stmt"/>
        <line num="20" count="3" type="cond" truecount="3" falsecount="1"/>
        <line num="21" count="0" type="stmt"/>
        <line num="23" count="3" type="cond" truecount="3" falsecount="1"/>
        <line num="24" count="0" type="stmt"/>
        <line num="25" count="0" type="stmt"/>
        <line num="28" count="3" type="stmt"/>
        <line num="29" count="3" type="stmt"/>
        <line num="31" count="3" type="stmt"/>
      </file>
      <file name="getTag.js" path="C:\Users\tomis\Koulu 26-\Ohjelmistojen Ylläpito ja testaus\Deployement\AT00BY10\src\.internal\getTag.js">
        <metrics statements="4" coveredstatements="1" conditionals="4" coveredconditionals="0" methods="1" coveredmethods="0"/>
        <line num="1" count="4" type="stmt"/>
        <line num="11" count="0" type="cond" truecount="0" falsecount="2"/>
        <line num="12" count="0" type="cond" truecount="0" falsecount="2"/>
        <line num="14" count="0" type="stmt"/>
      </file>
      <file name="isFlattenable.js" path="C:\Users\tomis\Koulu 26-\Ohjelmistojen Ylläpito ja testaus\Deployement\AT00BY10\src\.internal\isFlattenable.js">
        <metrics statements="2" coveredstatements="1" conditionals="5" coveredconditionals="0" methods="1" coveredmethods="0"/>
        <line num="4" count="1" type="stmt"/>
        <line num="14" count="0" type="cond" truecount="0" falsecount="3"/>
      </file>
      <file name="isKey.js" path="C:\Users\tomis\Koulu 26-\Ohjelmistojen Ylläpito ja testaus\Deployement\AT00BY10\src\.internal\isKey.js">
        <metrics statements="8" coveredstatements="6" conditionals="12" coveredconditionals="10" methods="1" coveredmethods="1"/>
        <line num="4" count="1" type="stmt"/>
        <line num="5" count="1" type="stmt"/>
        <line num="16" count="2" type="cond" truecount="1" falsecount="1"/>
        <line num="17" count="0" type="stmt"/>
        <line num="19" count="2" type="stmt"/>
        <line num="20" count="2" type="cond" truecount="5" falsecount="1"/>
        <line num="21" count="0" type="stmt"/>
        <line num="23" count="2" type="cond" truecount="4" falsecount="0"/>
      </file>
      <file name="memoizeCapped.js" path="C:\Users\tomis\Koulu 26-\Ohjelmistojen Ylläpito ja testaus\Deployement\AT00BY10\src\.internal\memoizeCapped.js">
        <metrics statements="7" coveredstatements="6" conditionals="2" coveredconditionals="1" methods="2" coveredmethods="2"/>
        <line num="4" count="1" type="stmt"/>
        <line num="15" count="1" type="stmt"/>
        <line num="16" count="2" type="stmt"/>
        <line num="17" count="2" type="cond" truecount="1" falsecount="1"/>
        <line num="18" count="0" type="stmt"/>
        <line num="20" count="2" type="stmt"/>
        <line num="23" count="1" type="stmt"/>
      </file>
      <file name="strictIndexOf.js" path="C:\Users\tomis\Koulu 26-\Ohjelmistojen Ylläpito ja testaus\Deployement\AT00BY10\src\.internal\strictIndexOf.js">
        <metrics statements="6" coveredstatements="0" conditionals="2" coveredconditionals="0" methods="1" coveredmethods="0"/>
        <line num="12" count="0" type="stmt"/>
        <line num="13" count="0" type="stmt"/>
        <line num="15" count="0" type="stmt"/>
        <line num="16" count="0" type="cond" truecount="0" falsecount="2"/>
        <line num="17" count="0" type="stmt"/>
        <line num="20" count="0" type="stmt"/>
      </file>
      <file name="stringToPath.js" path="C:\Users\tomis\Koulu 26-\Ohjelmistojen Ylläpito ja testaus\Deployement\AT00BY10\src\.internal\stringToPath.js">
        <metrics statements="15" coveredstatements="13" conditionals="6" coveredconditionals="4" methods="2" coveredmethods="2"/>
        <line num="3" count="1" type="stmt"/>
        <line num="4" count="1" type="stmt"/>
        <line num="5" count="1" type="stmt"/>
        <line num="26" count="1" type="stmt"/>
        <line num="27" count="2" type="stmt"/>
        <line num="28" count="2" type="cond" truecount="1" falsecount="1"/>
        <line num="29" count="0" type="stmt"/>
        <line num="31" count="2" type="stmt"/>
        <line num="32" count="7" type="stmt"/>
        <line num="33" count="7" type="cond" truecount="1" falsecount="1"/>
        <line num="34" count="0" type="stmt"/>
        <line num="36" count="7" type="cond" truecount="2" falsecount="0"/>
        <line num="37" count="1" type="stmt"/>
        <line num="39" count="7" type="stmt"/>
        <line num="41" count="2" type="stmt"/>
      </file>
      <file name="toKey.js" path="C:\Users\tomis\Koulu 26-\Ohjelmistojen Ylläpito ja testaus\Deployement\AT00BY10\src\.internal\toKey.js">
        <metrics statements="5" coveredstatements="3" conditionals="8" coveredconditionals="2" methods="1" coveredmethods="1"/>
        <line num="4" count="1" type="stmt"/>
        <line num="14" count="10" type="cond" truecount="2" falsecount="2"/>
        <line num="15" count="10" type="stmt"/>
        <line num="17" count="0" type="stmt"/>
        <line num="18" count="0" type="cond" truecount="0" falsecount="4"/>
      </file>
    </package>
  </project>
</coverage>
