<?xml version="1.0" encoding="UTF-8"?>
<coverage generated="1774807755904" clover="3.2.0">
  <project timestamp="1774807755905" name="All files">
    <metrics statements="96" coveredstatements="70" conditionals="112" coveredconditionals="59" methods="20" coveredmethods="17" elements="228" coveredelements="146" complexity="0" loc="96" ncloc="96" packages="1" files="19" classes="19"/>
    <file name="clamp.js" path="C:\Users\tomis\Koulu 26-\Ohjelmistojen Ylläpito ja testaus\Deployement\AT00BY10\src\clamp.js">
      <metrics statements="9" coveredstatements="9" conditionals="10" coveredconditionals="7" methods="1" coveredmethods="1"/>
      <line num="19" count="4" type="stmt"/>
      <line num="20" count="4" type="stmt"/>
      <line num="21" count="4" type="stmt"/>
      <line num="22" count="4" type="cond" truecount="1" falsecount="1"/>
      <line num="23" count="4" type="cond" truecount="1" falsecount="1"/>
      <line num="24" count="4" type="cond" truecount="2" falsecount="0"/>
      <line num="25" count="3" type="cond" truecount="2" falsecount="0"/>
      <line num="26" count="3" type="cond" truecount="1" falsecount="1"/>
      <line num="28" count="4" type="stmt"/>
    </file>
    <file name="compact.js" path="C:\Users\tomis\Koulu 26-\Ohjelmistojen Ylläpito ja testaus\Deployement\AT00BY10\src\compact.js">
      <metrics statements="6" coveredstatements="6" conditionals="2" coveredconditionals="2" methods="1" coveredmethods="1"/>
      <line num="15" count="3" type="stmt"/>
      <line num="16" count="3" type="stmt"/>
      <line num="18" count="3" type="stmt"/>
      <line num="19" count="9" type="cond" truecount="2" falsecount="0"/>
      <line num="20" count="3" type="stmt"/>
      <line num="23" count="3" type="stmt"/>
    </file>
    <file name="difference.js" path="C:\Users\tomis\Koulu 26-\Ohjelmistojen Ylläpito ja testaus\Deployement\AT00BY10\src\difference.js">
      <metrics statements="1" coveredstatements="1" conditionals="2" coveredconditionals="2" methods="1" coveredmethods="1"/>
      <line num="25" count="3" type="cond" truecount="2" falsecount="0"/>
    </file>
    <file name="divide.js" path="C:\Users\tomis\Koulu 26-\Ohjelmistojen Ylläpito ja testaus\Deployement\AT00BY10\src\divide.js">
      <metrics statements="1" coveredstatements="1" conditionals="0" coveredconditionals="0" methods="1" coveredmethods="1"/>
      <line num="16" count="3" type="stmt"/>
    </file>
    <file name="drop.js" path="C:\Users\tomis\Koulu 26-\Ohjelmistojen Ylläpito ja testaus\Deployement\AT00BY10\src\drop.js">
      <metrics statements="2" coveredstatements="2" conditionals="7" coveredconditionals="6" methods="1" coveredmethods="1"/>
      <line num="27" count="5" type="cond" truecount="2" falsecount="0"/>
      <line num="28" count="5" type="cond" truecount="2" falsecount="0"/>
    </file>
    <file name="get.js" path="C:\Users\tomis\Koulu 26-\Ohjelmistojen Ylläpito ja testaus\Deployement\AT00BY10\src\get.js">
      <metrics statements="2" coveredstatements="2" conditionals="4" coveredconditionals="4" methods="1" coveredmethods="1"/>
      <line num="28" count="4" type="cond" truecount="2" falsecount="0"/>
      <line num="29" count="4" type="cond" truecount="2" falsecount="0"/>
    </file>
    <file name="isArguments.js" path="C:\Users\tomis\Koulu 26-\Ohjelmistojen Ylläpito ja testaus\Deployement\AT00BY10\src\isArguments.js">
      <metrics statements="1" coveredstatements="0" conditionals="2" coveredconditionals="0" methods="1" coveredmethods="0"/>
      <line num="20" count="0" type="cond" truecount="0" falsecount="2"/>
    </file>
    <file name="isArrayLike.js" path="C:\Users\tomis\Koulu 26-\Ohjelmistojen Ylläpito ja testaus\Deployement\AT00BY10\src\isArrayLike.js">
      <metrics statements="1" coveredstatements="1" conditionals="3" coveredconditionals="3" methods="1" coveredmethods="1"/>
      <line num="27" count="4" type="cond" truecount="3" falsecount="0"/>
    </file>
    <file name="isArrayLikeObject.js" path="C:\Users\tomis\Koulu 26-\Ohjelmistojen Ylläpito ja testaus\Deployement\AT00BY10\src\isArrayLikeObject.js">
      <metrics statements="1" coveredstatements="1" conditionals="2" coveredconditionals="2" methods="1" coveredmethods="1"/>
      <line num="28" count="5" type="cond" truecount="2" falsecount="0"/>
    </file>
    <file name="isLength.js" path="C:\Users\tomis\Koulu 26-\Ohjelmistojen Ylläpito ja testaus\Deployement\AT00BY10\src\isLength.js">
      <metrics statements="2" coveredstatements="2" conditionals="4" coveredconditionals="4" methods="1" coveredmethods="1"/>
      <line num="2" count="1" type="stmt"/>
      <line num="29" count="4" type="cond" truecount="4" falsecount="0"/>
    </file>
    <file name="isObject.js" path="C:\Users\tomis\Koulu 26-\Ohjelmistojen Ylläpito ja testaus\Deployement\AT00BY10\src\isObject.js">
      <metrics statements="2" coveredstatements="0" conditionals="3" coveredconditionals="0" methods="1" coveredmethods="0"/>
      <line num="25" count="0" type="stmt"/>
      <line num="26" count="0" type="cond" truecount="0" falsecount="3"/>
    </file>
    <file name="isObjectLike.js" path="C:\Users\tomis\Koulu 26-\Ohjelmistojen Ylläpito ja testaus\Deployement\AT00BY10\src\isObjectLike.js">
      <metrics statements="1" coveredstatements="1" conditionals="2" coveredconditionals="2" methods="1" coveredmethods="1"/>
      <line num="24" count="5" type="cond" truecount="2" falsecount="0"/>
    </file>
    <file name="isSymbol.js" path="C:\Users\tomis\Koulu 26-\Ohjelmistojen Ylläpito ja testaus\Deployement\AT00BY10\src\isSymbol.js">
      <metrics statements="2" coveredstatements="2" conditionals="4" coveredconditionals="2" methods="1" coveredmethods="1"/>
      <line num="19" count="2" type="stmt"/>
      <line num="20" count="2" type="cond" truecount="2" falsecount="2"/>
    </file>
    <file name="map.js" path="C:\Users\tomis\Koulu 26-\Ohjelmistojen Ylläpito ja testaus\Deployement\AT00BY10\src\map.js">
      <metrics statements="6" coveredstatements="0" conditionals="2" coveredconditionals="0" methods="1" coveredmethods="0"/>
      <line num="20" count="0" type="stmt"/>
      <line num="21" count="0" type="cond" truecount="0" falsecount="2"/>
      <line num="22" count="0" type="stmt"/>
      <line num="24" count="0" type="stmt"/>
      <line num="25" count="0" type="stmt"/>
      <line num="27" count="0" type="stmt"/>
    </file>
    <file name="memoize.js" path="C:\Users\tomis\Koulu 26-\Ohjelmistojen Ylläpito ja testaus\Deployement\AT00BY10\src\memoize.js">
      <metrics statements="13" coveredstatements="11" conditionals="13" coveredconditionals="8" methods="2" coveredmethods="2"/>
      <line num="44" count="1" type="cond" truecount="4" falsecount="1"/>
      <line num="45" count="0" type="stmt"/>
      <line num="47" count="1" type="stmt"/>
      <line num="48" count="2" type="cond" truecount="1" falsecount="1"/>
      <line num="49" count="2" type="stmt"/>
      <line num="51" count="2" type="cond" truecount="1" falsecount="1"/>
      <line num="52" count="0" type="stmt"/>
      <line num="54" count="2" type="stmt"/>
      <line num="55" count="2" type="cond" truecount="1" falsecount="1"/>
      <line num="56" count="2" type="stmt"/>
      <line num="58" count="1" type="cond" truecount="1" falsecount="1"/>
      <line num="59" count="1" type="stmt"/>
      <line num="62" count="1" type="stmt"/>
    </file>
    <file name="slice.js" path="C:\Users\tomis\Koulu 26-\Ohjelmistojen Ylläpito ja testaus\Deployement\AT00BY10\src\slice.js">
      <metrics statements="16" coveredstatements="13" conditionals="16" coveredconditionals="8" methods="1" coveredmethods="1"/>
      <line num="22" count="4" type="cond" truecount="1" falsecount="1"/>
      <line num="23" count="4" type="cond" truecount="1" falsecount="1"/>
      <line num="24" count="0" type="stmt"/>
      <line num="26" count="4" type="cond" truecount="1" falsecount="1"/>
      <line num="27" count="4" type="cond" truecount="1" falsecount="1"/>
      <line num="29" count="4" type="cond" truecount="1" falsecount="1"/>
      <line num="30" count="0" type="cond" truecount="0" falsecount="2"/>
      <line num="32" count="4" type="cond" truecount="1" falsecount="1"/>
      <line num="33" count="0" type="stmt"/>
      <line num="35" count="4" type="cond" truecount="2" falsecount="0"/>
      <line num="36" count="4" type="stmt"/>
      <line num="38" count="4" type="stmt"/>
      <line num="39" count="4" type="stmt"/>
      <line num="40" count="4" type="stmt"/>
      <line num="41" count="6" type="stmt"/>
      <line num="43" count="4" type="stmt"/>
    </file>
    <file name="toFinite.js" path="C:\Users\tomis\Koulu 26-\Ohjelmistojen Ylläpito ja testaus\Deployement\AT00BY10\src\toFinite.js">
      <metrics statements="9" coveredstatements="7" conditionals="12" coveredconditionals="7" methods="1" coveredmethods="1"/>
      <line num="4" count="1" type="stmt"/>
      <line num="5" count="1" type="stmt"/>
      <line num="29" count="4" type="cond" truecount="2" falsecount="0"/>
      <line num="30" count="1" type="cond" truecount="1" falsecount="1"/>
      <line num="32" count="3" type="stmt"/>
      <line num="33" count="3" type="cond" truecount="3" falsecount="1"/>
      <line num="34" count="0" type="cond" truecount="0" falsecount="2"/>
      <line num="35" count="0" type="stmt"/>
      <line num="37" count="3" type="cond" truecount="1" falsecount="1"/>
    </file>
    <file name="toInteger.js" path="C:\Users\tomis\Koulu 26-\Ohjelmistojen Ylläpito ja testaus\Deployement\AT00BY10\src\toInteger.js">
      <metrics statements="3" coveredstatements="3" conditionals="2" coveredconditionals="1" methods="1" coveredmethods="1"/>
      <line num="29" count="4" type="stmt"/>
      <line num="30" count="4" type="stmt"/>
      <line num="32" count="4" type="cond" truecount="1" falsecount="1"/>
    </file>
    <file name="toNumber.js" path="C:\Users\tomis\Koulu 26-\Ohjelmistojen Ylläpito ja testaus\Deployement\AT00BY10\src\toNumber.js">
      <metrics statements="18" coveredstatements="8" conditionals="22" coveredconditionals="1" methods="1" coveredmethods="1"/>
      <line num="5" count="1" type="stmt"/>
      <line num="8" count="1" type="stmt"/>
      <line num="11" count="1" type="stmt"/>
      <line num="14" count="1" type="stmt"/>
      <line num="17" count="1" type="stmt"/>
      <line num="20" count="1" type="stmt"/>
      <line num="45" count="3" type="cond" truecount="1" falsecount="1"/>
      <line num="46" count="3" type="stmt"/>
      <line num="48" count="0" type="cond" truecount="0" falsecount="2"/>
      <line num="49" count="0" type="stmt"/>
      <line num="51" count="0" type="cond" truecount="0" falsecount="2"/>
      <line num="52" count="0" type="cond" truecount="0" falsecount="2"/>
      <line num="53" count="0" type="cond" truecount="0" falsecount="2"/>
      <line num="55" count="0" type="cond" truecount="0" falsecount="2"/>
      <line num="56" count="0" type="cond" truecount="0" falsecount="2"/>
      <line num="58" count="0" type="stmt"/>
      <line num="59" count="0" type="stmt"/>
      <line num="60" count="0" type="cond" truecount="0" falsecount="4"/>
    </file>
  </project>
</coverage>
