TN:
SF:src\clamp.js
FN:18,clamp
FNF:1
FNH:1
FNDA:4,clamp
DA:19,4
DA:20,4
DA:21,4
DA:22,4
DA:23,4
DA:24,4
DA:25,3
DA:26,3
DA:28,4
LF:9
LH:9
BRDA:22,0,0,4
BRDA:22,0,1,0
BRDA:23,1,0,4
BRDA:23,1,1,0
BRDA:24,2,0,3
BRDA:24,2,1,1
BRDA:25,3,0,1
BRDA:25,3,1,2
BRDA:26,4,0,0
BRDA:26,4,1,3
BRF:10
BRH:7
end_of_record
TN:
SF:src\compact.js
FN:14,compact
FNF:1
FNH:1
FNDA:3,compact
DA:15,3
DA:16,3
DA:18,3
DA:19,9
DA:20,3
DA:23,3
LF:6
LH:6
BRDA:19,0,0,3
BRDA:19,0,1,6
BRF:2
BRH:2
end_of_record
TN:
SF:src\difference.js
FN:24,difference
FNF:1
FNH:1
FNDA:3,difference
DA:25,3
LF:1
LH:1
BRDA:25,0,0,2
BRDA:25,0,1,1
BRF:2
BRH:2
end_of_record
TN:
SF:src\divide.js
FN:16,(anonymous_0)
FNF:1
FNH:1
FNDA:3,(anonymous_0)
DA:16,3
LF:1
LH:1
BRF:0
BRH:0
end_of_record
TN:
SF:src\drop.js
FN:26,drop
FNF:1
FNH:1
FNDA:5,drop
DA:27,5
DA:28,5
LF:2
LH:2
BRDA:26,0,0,1
BRDA:27,1,0,1
BRDA:27,1,1,4
BRDA:28,2,0,4
BRDA:28,2,1,1
BRDA:29,3,0,0
BRDA:29,3,1,4
BRF:7
BRH:6
end_of_record
TN:
SF:src\get.js
FN:27,get
FNF:1
FNH:1
FNDA:4,get
DA:28,4
DA:29,4
LF:2
LH:2
BRDA:28,0,0,1
BRDA:28,0,1,3
BRDA:29,1,0,2
BRDA:29,1,1,2
BRF:4
BRH:4
end_of_record
TN:
SF:src\isArguments.js
FN:19,isArguments
FNF:1
FNH:0
FNDA:0,isArguments
DA:20,0
LF:1
LH:0
BRDA:20,0,0,0
BRDA:20,0,1,0
BRF:2
BRH:0
end_of_record
TN:
SF:src\isArrayLike.js
FN:26,isArrayLike
FNF:1
FNH:1
FNDA:4,isArrayLike
DA:27,4
LF:1
LH:1
BRDA:27,0,0,4
BRDA:27,0,1,4
BRDA:27,0,2,4
BRF:3
BRH:3
end_of_record
TN:
SF:src\isArrayLikeObject.js
FN:27,isArrayLikeObject
FNF:1
FNH:1
FNDA:5,isArrayLikeObject
DA:28,5
LF:1
LH:1
BRDA:28,0,0,5
BRDA:28,0,1,4
BRF:2
BRH:2
end_of_record
TN:
SF:src\isLength.js
FN:28,isLength
FNF:1
FNH:1
FNDA:4,isLength
DA:2,1
DA:29,4
LF:2
LH:2
BRDA:29,0,0,4
BRDA:29,0,1,4
BRDA:29,0,2,4
BRDA:29,0,3,4
BRF:4
BRH:4
end_of_record
TN:
SF:src\isObject.js
FN:24,isObject
FNF:1
FNH:0
FNDA:0,isObject
DA:25,0
DA:26,0
LF:2
LH:0
BRDA:26,0,0,0
BRDA:26,0,1,0
BRDA:26,0,2,0
BRF:3
BRH:0
end_of_record
TN:
SF:src\isObjectLike.js
FN:23,isObjectLike
FNF:1
FNH:1
FNDA:5,isObjectLike
DA:24,5
LF:1
LH:1
BRDA:24,0,0,5
BRDA:24,0,1,5
BRF:2
BRH:2
end_of_record
TN:
SF:src\isSymbol.js
FN:18,isSymbol
FNF:1
FNH:1
FNDA:2,isSymbol
DA:19,2
DA:20,2
LF:2
LH:2
BRDA:20,0,0,2
BRDA:20,0,1,2
BRDA:20,0,2,0
BRDA:20,0,3,0
BRF:4
BRH:2
end_of_record
TN:
SF:src\map.js
FN:19,map
FNF:1
FNH:0
FNDA:0,map
DA:20,0
DA:21,0
DA:22,0
DA:24,0
DA:25,0
DA:27,0
LF:6
LH:0
BRDA:21,0,0,0
BRDA:21,0,1,0
BRF:2
BRH:0
end_of_record
TN:
SF:src\memoize.js
FN:43,memoize
FN:47,(anonymous_1)
FNF:2
FNH:2
FNDA:1,memoize
FNDA:2,(anonymous_1)
DA:44,1
DA:45,0
DA:47,1
DA:48,2
DA:49,2
DA:51,2
DA:52,0
DA:54,2
DA:55,2
DA:56,2
DA:58,1
DA:59,1
DA:62,1
LF:13
LH:11
BRDA:44,0,0,0
BRDA:44,0,1,1
BRDA:44,1,0,1
BRDA:44,1,1,1
BRDA:44,1,2,1
BRDA:48,2,0,2
BRDA:48,2,1,0
BRDA:51,3,0,0
BRDA:51,3,1,2
BRDA:55,4,0,2
BRDA:55,4,1,0
BRDA:58,5,0,1
BRDA:58,5,1,0
BRF:13
BRH:8
end_of_record
TN:
SF:src\slice.js
FN:21,slice
FNF:1
FNH:1
FNDA:4,slice
DA:22,4
DA:23,4
DA:24,0
DA:26,4
DA:27,4
DA:29,4
DA:30,0
DA:32,4
DA:33,0
DA:35,4
DA:36,4
DA:38,4
DA:39,4
DA:40,4
DA:41,6
DA:43,4
LF:16
LH:13
BRDA:22,0,0,0
BRDA:22,0,1,4
BRDA:23,1,0,0
BRDA:23,1,1,4
BRDA:26,2,0,0
BRDA:26,2,1,4
BRDA:27,3,0,0
BRDA:27,3,1,4
BRDA:29,4,0,0
BRDA:29,4,1,4
BRDA:30,5,0,0
BRDA:30,5,1,0
BRDA:32,6,0,0
BRDA:32,6,1,4
BRDA:35,7,0,1
BRDA:35,7,1,3
BRF:16
BRH:8
end_of_record
TN:
SF:src\toFinite.js
FN:28,toFinite
FNF:1
FNH:1
FNDA:4,toFinite
DA:4,1
DA:5,1
DA:29,4
DA:30,1
DA:32,3
DA:33,3
DA:34,0
DA:35,0
DA:37,3
LF:9
LH:7
BRDA:29,0,0,1
BRDA:29,0,1,3
BRDA:30,1,0,1
BRDA:30,1,1,0
BRDA:33,2,0,0
BRDA:33,2,1,3
BRDA:33,3,0,3
BRDA:33,3,1,3
BRDA:34,4,0,0
BRDA:34,4,1,0
BRDA:37,5,0,3
BRDA:37,5,1,0
BRF:12
BRH:7
end_of_record
TN:
SF:src\toInteger.js
FN:28,toInteger
FNF:1
FNH:1
FNDA:4,toInteger
DA:29,4
DA:30,4
DA:32,4
LF:3
LH:3
BRDA:32,0,0,0
BRDA:32,0,1,4
BRF:2
BRH:1
end_of_record
TN:
SF:src\toNumber.js
FN:44,toNumber
FNF:1
FNH:1
FNDA:3,toNumber
DA:5,1
DA:8,1
DA:11,1
DA:14,1
DA:17,1
DA:20,1
DA:45,3
DA:46,3
DA:48,0
DA:49,0
DA:51,0
DA:52,0
DA:53,0
DA:55,0
DA:56,0
DA:58,0
DA:59,0
DA:60,0
LF:18
LH:8
BRDA:45,0,0,3
BRDA:45,0,1,0
BRDA:48,1,0,0
BRDA:48,1,1,0
BRDA:51,2,0,0
BRDA:51,2,1,0
BRDA:52,3,0,0
BRDA:52,3,1,0
BRDA:53,4,0,0
BRDA:53,4,1,0
BRDA:55,5,0,0
BRDA:55,5,1,0
BRDA:56,6,0,0
BRDA:56,6,1,0
BRDA:60,7,0,0
BRDA:60,7,1,0
BRDA:60,8,0,0
BRDA:60,8,1,0
BRDA:61,9,0,0
BRDA:61,9,1,0
BRDA:62,10,0,0
BRDA:62,10,1,0
BRF:22
BRH:1
end_of_record
